<?xml version="1.0" encoding="utf-8"?><testsuites name="pytest tests"><testsuite name="pytest" errors="0" failures="0" skipped="0" tests="15" time="2.277" timestamp="2026-09-10T08:26:34.564742+00:00" hostname="agent-env-4299cbb7-2a26-4ce2-b892-e6d0efd6fad0"><testcase classname="tests.backend_test.TestEnquiries" name="test_create_valid" time="0.351" /><testcase classname="tests.backend_test.TestHealth" name="test_health" time="0.289" /><testcase classname="tests.backend_test.TestHealth" name="test_project_types" time="0.120" /><testcase classname="tests.backend_test.TestEnquiries" name="test_create_email_optional_null" time="0.076" /><testcase classname="tests.backend_test.TestBrochurePDF" name="test_brochure_pdf_first_call" time="1.232" /><testcase classname="tests.backend_test.TestEnquiries" name="test_create_empty_email_string" time="0.074" /><testcase classname="tests.backend_test.TestEnquiries" name="test_create_invalid[payload0]" time="0.085" /><testcase classname="tests.backend_test.TestEnquiries" name="test_create_invalid[payload1]" time="0.073" /><testcase classname="tests.backend_test.TestEnquiries" name="test_create_invalid[payload2]" time="0.071" /><testcase classname="tests.backend_test.TestEnquiries" name="test_create_invalid[payload3]" time="0.069" /><testcase classname="tests.backend_test.TestEnquiries" name="test_create_invalid[payload4]" time="0.085" /><testcase classname="tests.backend_test.TestEnquiries" name="test_list_requires_key" time="0.089" /><testcase classname="tests.backend_test.TestEnquiries" name="test_list_wrong_key" time="0.070" /><testcase classname="tests.backend_test.TestEnquiries" name="test_list_with_key" time="0.093" /><testcase classname="tests.backend_test.TestBrochurePDF" name="test_brochure_pdf_cached_second_call" time="0.121" /></testsuite></testsuites>