<?xml version="1.0" encoding="utf-8"?><testsuites name="pytest tests"><testsuite name="pytest" errors="0" failures="0" skipped="0" tests="18" time="2.909" timestamp="2026-09-10T09:53:19.119135+00:00" hostname="agent-env-4299cbb7-2a26-4ce2-b892-e6d0efd6fad0"><testcase classname="tests.test_brochure_delivery.TestBrochureDelivery" name="test_bundled_pdf_public_asset" time="0.487" /><testcase classname="tests.backend_test.TestEnquiries" name="test_create_valid" time="0.340" /><testcase classname="tests.backend_test.TestEnquiries" name="test_create_email_optional_null" time="0.080" /><testcase classname="tests.backend_test.TestEnquiries" name="test_create_empty_email_string" time="0.076" /><testcase classname="tests.test_brochure_delivery.TestBrochureDelivery" name="test_bundled_pdf_has_7_pages_and_content" time="0.197" /><testcase classname="tests.backend_test.TestEnquiries" name="test_create_invalid[payload0]" time="0.076" /><testcase classname="tests.backend_test.TestEnquiries" name="test_create_invalid[payload1]" time="0.074" /><testcase classname="tests.backend_test.TestEnquiries" name="test_create_invalid[payload2]" time="0.075" /><testcase classname="tests.test_brochure_delivery.TestBrochureDelivery" name="test_api_brochure_attachment_compat" time="1.135" /><testcase classname="tests.backend_test.TestEnquiries" name="test_create_invalid[payload3]" time="0.074" /><testcase classname="tests.backend_test.TestEnquiries" name="test_create_invalid[payload4]" time="1.037" /><testcase classname="tests.backend_test.TestHealth" name="test_health" time="0.181" /><testcase classname="tests.backend_test.TestEnquiries" name="test_list_requires_key" time="0.076" /><testcase classname="tests.backend_test.TestEnquiries" name="test_list_wrong_key" time="0.074" /><testcase classname="tests.backend_test.TestEnquiries" name="test_list_with_key" time="0.075" /><testcase classname="tests.backend_test.TestHealth" name="test_project_types" time="0.075" /><testcase classname="tests.backend_test.TestBrochurePDF" name="test_brochure_pdf_first_call" time="0.206" /><testcase classname="tests.backend_test.TestBrochurePDF" name="test_brochure_pdf_cached_second_call" time="0.124" /></testsuite></testsuites>